\BOOKMARK [0][-]{section*.1}{Cover Page}{}% 1
\BOOKMARK [0][-]{section*.3}{Abstract}{}% 2
\BOOKMARK [0][-]{section*.4}{Acknowledgement}{}% 3
\BOOKMARK [0][-]{chapter*.6}{Contents}{}% 4
\BOOKMARK [0][-]{chapter*.8}{List of Figures}{}% 5
\BOOKMARK [0][-]{chapter*.10}{List of Tables}{}% 6
\BOOKMARK [0][-]{chapter*.12}{Listings}{}% 7
\BOOKMARK [0][-]{chapter.1}{Introduction}{}% 8
\BOOKMARK [1][-]{section.1.1}{Introduction}{chapter.1}% 9
\BOOKMARK [1][-]{section.1.2}{Types of CNC Machines}{chapter.1}% 10
\BOOKMARK [2][-]{subsection.1.2.1}{CNC Milling Machine}{section.1.2}% 11
\BOOKMARK [2][-]{subsection.1.2.2}{CNC Lathe Machine}{section.1.2}% 12
\BOOKMARK [2][-]{subsection.1.2.3}{CNC Router Machine}{section.1.2}% 13
\BOOKMARK [2][-]{subsection.1.2.4}{CNC 3D Printing}{section.1.2}% 14
\BOOKMARK [2][-]{subsection.1.2.5}{Recent Designs in CNC Systems}{section.1.2}% 15
\BOOKMARK [1][-]{section.1.3}{Basic architecture of a typical CNC system}{chapter.1}% 16
\BOOKMARK [1][-]{section.1.4}{Process Flow for a typical CNC system}{chapter.1}% 17
\BOOKMARK [1][-]{section.1.5}{Functional block diagram for a typical CNC system}{chapter.1}% 18
\BOOKMARK [2][-]{subsection.1.5.1}{CNC operations in CAD/CAM/CNC systems}{section.1.5}% 19
\BOOKMARK [2][-]{subsection.1.5.2}{Interpreter and interpolator}{section.1.5}% 20
\BOOKMARK [2][-]{subsection.1.5.3}{Interpolation Task}{section.1.5}% 21
\BOOKMARK [2][-]{subsection.1.5.4}{Starting point of CNC operations}{section.1.5}% 22
\BOOKMARK [2][-]{subsection.1.5.5}{Online versus Offline processing}{section.1.5}% 23
\BOOKMARK [2][-]{subsection.1.5.6}{Realtime processing}{section.1.5}% 24
\BOOKMARK [2][-]{subsection.1.5.7}{Parallel processing}{section.1.5}% 25
\BOOKMARK [2][-]{subsection.1.5.8}{Recent interpolation Methods}{section.1.5}% 26
\BOOKMARK [1][-]{section.1.6}{CNC System Hardware and Software}{chapter.1}% 27
\BOOKMARK [2][-]{subsection.1.6.1}{CNC Hardware Components}{section.1.6}% 28
\BOOKMARK [2][-]{subsection.1.6.2}{CNC Software Components}{section.1.6}% 29
\BOOKMARK [2][-]{subsection.1.6.3}{CNC Intepreter}{section.1.6}% 30
\BOOKMARK [2][-]{subsection.1.6.4}{CNC Interpolator}{section.1.6}% 31
\BOOKMARK [2][-]{subsection.1.6.5}{CNC Signal Driver software}{section.1.6}% 32
\BOOKMARK [2][-]{subsection.1.6.6}{CNC Device Driver hardware}{section.1.6}% 33
\BOOKMARK [2][-]{subsection.1.6.7}{CNC Motor Control Driver hardware}{section.1.6}% 34
\BOOKMARK [2][-]{subsection.1.6.8}{CNC Electric Motor hardware}{section.1.6}% 35
\BOOKMARK [2][-]{subsection.1.6.9}{CNC Control Loop design}{section.1.6}% 36
\BOOKMARK [2][-]{subsection.1.6.10}{Commercial CNC Control Software}{section.1.6}% 37
\BOOKMARK [1][-]{section.1.7}{Research Motivations}{chapter.1}% 38
\BOOKMARK [1][-]{section.1.8}{Scope of Research}{chapter.1}% 39
\BOOKMARK [1][-]{section.1.9}{Proposed Research Title}{chapter.1}% 40
\BOOKMARK [1][-]{section.1.10}{Expected knowledge contributions}{chapter.1}% 41
\BOOKMARK [1][-]{section.1.11}{Summary on Introduction}{chapter.1}% 42
\BOOKMARK [0][-]{chapter.2}{Literature Survey}{}% 43
\BOOKMARK [1][-]{section.2.1}{Reviews - CNC State of the Art}{chapter.2}% 44
\BOOKMARK [1][-]{section.2.2}{Overview of current issues in CNC}{chapter.2}% 45
\BOOKMARK [1][-]{section.2.3}{G-Codes Standards}{chapter.2}% 46
\BOOKMARK [2][-]{subsection.2.3.1}{NGC RS274D G-Codes}{section.2.3}% 47
\BOOKMARK [2][-]{subsection.2.3.2}{NURBS G-Codes}{section.2.3}% 48
\BOOKMARK [2][-]{subsection.2.3.3}{STEP-NC G-Codes}{section.2.3}% 49
\BOOKMARK [1][-]{section.2.4}{Reference-Pulse interpolation}{chapter.2}% 50
\BOOKMARK [1][-]{section.2.5}{Reference-Word interpolation}{chapter.2}% 51
\BOOKMARK [1][-]{section.2.6}{NURBS CNC Interpolations}{chapter.2}% 52
\BOOKMARK [1][-]{section.2.7}{Contouring control and Error Compensation}{chapter.2}% 53
\BOOKMARK [1][-]{section.2.8}{Look-ahead control}{chapter.2}% 54
\BOOKMARK [1][-]{section.2.9}{Feedrate Filtering}{chapter.2}% 55
\BOOKMARK [1][-]{section.2.10}{Realtime and Parallel Computing}{chapter.2}% 56
\BOOKMARK [1][-]{section.2.11}{AI Approaches in CNC Machining}{chapter.2}% 57
\BOOKMARK [1][-]{section.2.12}{Commercial versus Open CNC systems}{chapter.2}% 58
\BOOKMARK [1][-]{section.2.13}{Embedded devices in CNC systems}{chapter.2}% 59
\BOOKMARK [1][-]{section.2.14}{Summary on Literature Survey}{chapter.2}% 60
\BOOKMARK [0][-]{chapter.3}{Research Methodology}{}% 61
\BOOKMARK [1][-]{section.3.1}{Research Objectives}{chapter.3}% 62
\BOOKMARK [2][-]{subsection.3.1.1}{Research scope}{section.3.1}% 63
\BOOKMARK [2][-]{subsection.3.1.2}{G-Codes Coverage}{section.3.1}% 64
\BOOKMARK [2][-]{subsection.3.1.3}{Reference-Pulse Interpolation}{section.3.1}% 65
\BOOKMARK [2][-]{subsection.3.1.4}{Look-ahead control}{section.3.1}% 66
\BOOKMARK [2][-]{subsection.3.1.5}{Feedrate compensation}{section.3.1}% 67
\BOOKMARK [2][-]{subsection.3.1.6}{Realtime and parallel execution}{section.3.1}% 68
\BOOKMARK [2][-]{subsection.3.1.7}{Parallel execution strategies}{section.3.1}% 69
\BOOKMARK [2][-]{subsection.3.1.8}{Extension to 5-axis interpolation}{section.3.1}% 70
\BOOKMARK [1][-]{section.3.2}{Research Methodology}{chapter.3}% 71
\BOOKMARK [2][-]{subsection.3.2.1}{Software engineering perspective}{section.3.2}% 72
\BOOKMARK [2][-]{subsection.3.2.2}{Software engineering methods}{section.3.2}% 73
\BOOKMARK [2][-]{subsection.3.2.3}{Linux, open source and free software}{section.3.2}% 74
\BOOKMARK [2][-]{subsection.3.2.4}{Motion control devices}{section.3.2}% 75
\BOOKMARK [2][-]{subsection.3.2.5}{Research Validation}{section.3.2}% 76
\BOOKMARK [1][-]{section.3.3}{Summary on Research Methodology}{chapter.3}% 77
\BOOKMARK [0][-]{chapter.4}{Related Research Work}{}% 78
\BOOKMARK [1][-]{section.4.1}{UMP CNC Research machine}{chapter.4}% 79
\BOOKMARK [1][-]{section.4.2}{Previous CNC research projects}{chapter.4}% 80
\BOOKMARK [1][-]{section.4.3}{Previous software programming experiences}{chapter.4}% 81
\BOOKMARK [1][-]{section.4.4}{Pulse generator devices}{chapter.4}% 82
\BOOKMARK [2][-]{subsection.4.4.1}{Computer extension boards}{section.4.4}% 83
\BOOKMARK [2][-]{subsection.4.4.2}{Single Board Computers}{section.4.4}% 84
\BOOKMARK [1][-]{section.4.5}{Computer Extension Boards as devices}{chapter.4}% 85
\BOOKMARK [2][-]{subsection.4.5.1}{Project 1 - PC parallel port}{section.4.5}% 86
\BOOKMARK [2][-]{subsection.4.5.2}{Project 2 - Velleman K8000 Parallel extension board}{section.4.5}% 87
\BOOKMARK [2][-]{subsection.4.5.3}{Project 3 - Velleman K8055 USB extension board}{section.4.5}% 88
\BOOKMARK [2][-]{subsection.4.5.4}{Project 4 - Heber X10i USB extension board}{section.4.5}% 89
\BOOKMARK [2][-]{subsection.4.5.5}{Project 5 - Arduino Due USB extension board}{section.4.5}% 90
\BOOKMARK [2][-]{subsection.4.5.6}{Project 6 - Digilent Nexys-3 Spartan-6 FPGA USB board}{section.4.5}% 91
\BOOKMARK [1][-]{section.4.6}{Single Board Computers as devices}{chapter.4}% 92
\BOOKMARK [2][-]{subsection.4.6.1}{Project 7 - Raspberry Pi 2 and Raspberry Pi 3 SBC boards}{section.4.6}% 93
\BOOKMARK [2][-]{subsection.4.6.2}{Project 8 - Banana Pi BPI-M2 SBC board}{section.4.6}% 94
\BOOKMARK [2][-]{subsection.4.6.3}{Project 9 - Beagle-Board xM SBC board}{section.4.6}% 95
\BOOKMARK [1][-]{section.4.7}{Summary on Related Research Work}{chapter.4}% 96
\BOOKMARK [0][-]{chapter.5}{Research Implementation Plan}{}% 97
\BOOKMARK [1][-]{section.5.1}{Main Tasks in Research Implementation Plan}{chapter.5}% 98
\BOOKMARK [1][-]{section.5.2}{Overview of Research Implementation Schedule}{chapter.5}% 99
\BOOKMARK [1][-]{section.5.3}{Critical Project Tasks}{chapter.5}% 100
\BOOKMARK [1][-]{section.5.4}{Research Milestones}{chapter.5}% 101
\BOOKMARK [1][-]{section.5.5}{Publications Plan}{chapter.5}% 102
\BOOKMARK [1][-]{section.5.6}{Implementation approach}{chapter.5}% 103
\BOOKMARK [0][-]{chapter.6}{Conclusion}{}% 104
\BOOKMARK [0][-]{chapter*.24}{Bibliography}{}% 105
\BOOKMARK [0][-]{appendix.A}{Appendices}{}% 106
\BOOKMARK [1][-]{section.A.1}{Appendix-A1 Introduction}{appendix.A}% 107
\BOOKMARK [2][-]{subsection.A.1.1}{App1-CNC Milling Machine}{section.A.1}% 108
\BOOKMARK [2][-]{subsection.A.1.2}{App1-CNC Lathe Machine}{section.A.1}% 109
\BOOKMARK [2][-]{subsection.A.1.3}{App1-CNC Routing Machine}{section.A.1}% 110
\BOOKMARK [2][-]{subsection.A.1.4}{App1-CNC 3D Printing Machine}{section.A.1}% 111
\BOOKMARK [1][-]{section.A.2}{Appendix-B2 Literature Survey}{appendix.A}% 112
\BOOKMARK [2][-]{subsection.A.2.1}{App2-Ha Scilab NURBS versus Octave NURBS}{section.A.2}% 113
\BOOKMARK [2][-]{subsection.A.2.2}{App2-Scilab NURBS versus Octave NURBS}{section.A.2}% 114
\BOOKMARK [2][-]{subsection.A.2.3}{App2-Bla bla bla}{section.A.2}% 115
\BOOKMARK [1][-]{section.A.3}{Appendix-C3 Research Methodology}{appendix.A}% 116
\BOOKMARK [2][-]{subsection.A.3.1}{App3-Pico Universal PWM Servo Controller}{section.A.3}% 117
\BOOKMARK [2][-]{subsection.A.3.2}{App3-Specifications Pico Universal PWM Servo Controller}{section.A.3}% 118
\BOOKMARK [2][-]{subsection.A.3.3}{App3-MCU Microchip 28-Pin LIN Development Board}{section.A.3}% 119
\BOOKMARK [2][-]{subsection.A.3.4}{App3-Specifications MCU Microchip 28-Pin LIN Development Board}{section.A.3}% 120
\BOOKMARK [2][-]{subsection.A.3.5}{App3-MCU Microchip Curiosity Development Board}{section.A.3}% 121
\BOOKMARK [2][-]{subsection.A.3.6}{App3-Specifications MCU Microchip Curiosity Development Board}{section.A.3}% 122
\BOOKMARK [1][-]{section.A.4}{Appendix-D4 Related Research Work}{appendix.A}% 123
\BOOKMARK [2][-]{subsection.A.4.1}{App4-Real Time Application Interface \(RTAI\) architecture}{section.A.4}% 124
\BOOKMARK [2][-]{subsection.A.4.2}{App4-C/C++ Code excerpt for Real Time \(RTAI\)}{section.A.4}% 125
\BOOKMARK [2][-]{subsection.A.4.3}{App4-CNC machine - First successful run \(26 June, 2010\)}{section.A.4}% 126
\BOOKMARK [2][-]{subsection.A.4.4}{App4-First succesful run CNC Research Machine}{section.A.4}% 127
\BOOKMARK [2][-]{subsection.A.4.5}{App4-Pulsing both X-Y axes simultaneously}{section.A.4}% 128
\BOOKMARK [2][-]{subsection.A.4.6}{App4-Result 1 - Parallel port driving CNC Machine}{section.A.4}% 129
\BOOKMARK [2][-]{subsection.A.4.7}{App4-Result 2 - Arduino Due USB driving CNC Machine}{section.A.4}% 130
\BOOKMARK [2][-]{subsection.A.4.8}{App4-Result 3 - FPGA USB board driving CNC Machine}{section.A.4}% 131
\BOOKMARK [2][-]{subsection.A.4.9}{App4-Youtube video LINKS made for CNC Machine}{section.A.4}% 132
\BOOKMARK [2][-]{subsection.A.4.10}{App4-Result 4 - Raspberry Pi-3 SBC on CNC machine}{section.A.4}% 133
\BOOKMARK [2][-]{subsection.A.4.11}{App4-Display pulses Counter-Clock-Wise \(CCW\) rotation}{section.A.4}% 134
\BOOKMARK [2][-]{subsection.A.4.12}{App4-Display pulses Clock-Wise \(CW\) motor rotation}{section.A.4}% 135
\BOOKMARK [2][-]{subsection.A.4.13}{App4-Connection for Nexsys3 Spartan6 Xilinc USB Board}{section.A.4}% 136
\BOOKMARK [2][-]{subsection.A.4.14}{App4-Oscilloscope 3.3 volts pulses for CW motor rotation}{section.A.4}% 137
\BOOKMARK [2][-]{subsection.A.4.15}{App4-G-Code versus CNC Signal file}{section.A.4}% 138
\BOOKMARK [2][-]{subsection.A.4.16}{App4-Two inputs lines for motor CW and CCW rotations}{section.A.4}% 139
\BOOKMARK [2][-]{subsection.A.4.17}{App4-Acceptance delivery of UMP CNC Research Machine}{section.A.4}% 140
\BOOKMARK [2][-]{subsection.A.4.18}{App4-Parallel Port Devices}{section.A.4}% 141
\BOOKMARK [2][-]{subsection.A.4.19}{App4-Velleman K8000 Parallel Interface Board}{section.A.4}% 142
\BOOKMARK [2][-]{subsection.A.4.20}{App4-Velleman K8055 USB Interface Board}{section.A.4}% 143
\BOOKMARK [2][-]{subsection.A.4.21}{App4-Heber X10i USB Board}{section.A.4}% 144
\BOOKMARK [2][-]{subsection.A.4.22}{App4-Arduino Due USB Board}{section.A.4}% 145
\BOOKMARK [2][-]{subsection.A.4.23}{App4-Nexys-3 Spartan-6 FPGA USB Board}{section.A.4}% 146
\BOOKMARK [2][-]{subsection.A.4.24}{App4-Raspberry Pi-3 Model-B Single Board Computer}{section.A.4}% 147
\BOOKMARK [2][-]{subsection.A.4.25}{App4-Raspberry Pi-2 Model-B Single Board Computer}{section.A.4}% 148
\BOOKMARK [2][-]{subsection.A.4.26}{App4-Banana Pi M2U Single Board Computer}{section.A.4}% 149
\BOOKMARK [2][-]{subsection.A.4.27}{App4-Beagle-Board xM Single Board Computer}{section.A.4}% 150
\BOOKMARK [2][-]{subsection.A.4.28}{App4-Summary main\(\) function C-Code listing for RTAI}{section.A.4}% 151
\BOOKMARK [2][-]{subsection.A.4.29}{App4-Full C-Code listing for Real Time \(RTAI\)}{section.A.4}% 152
\BOOKMARK [2][-]{subsection.A.4.30}{App4-Full execution C/C++ code for Real Time \(RTAI\)}{section.A.4}% 153
\BOOKMARK [2][-]{subsection.A.4.31}{App4-C++2011 Example Parallel Multithreading}{section.A.4}% 154
\BOOKMARK [2][-]{subsection.A.4.32}{App4-C++2011 Execution Parallel Multithreading}{section.A.4}% 155
\BOOKMARK [2][-]{subsection.A.4.33}{App4-C++-MPI Example Parallel Multiprocessing}{section.A.4}% 156
\BOOKMARK [2][-]{subsection.A.4.34}{App4-C++-MPI Execution Parallel Multiprocessing}{section.A.4}% 157
\BOOKMARK [2][-]{subsection.A.4.35}{App4-Rust Parallel Multithreading Codes}{section.A.4}% 158
\BOOKMARK [2][-]{subsection.A.4.36}{App4-Julia Parallel Programming Codes}{section.A.4}% 159
\BOOKMARK [2][-]{subsection.A.4.37}{App4-Python Parallel Multithreading Codes}{section.A.4}% 160
\BOOKMARK [2][-]{subsection.A.4.38}{App4-Python Parallel Multiprocessing Codes}{section.A.4}% 161
\BOOKMARK [2][-]{subsection.A.4.39}{App4-Concurrent Writes to Parallel and Serial Ports}{section.A.4}% 162
\BOOKMARK [2][-]{subsection.A.4.40}{App4-Converting software codes to binary bit pulses}{section.A.4}% 163
\BOOKMARK [2][-]{subsection.A.4.41}{App4-Creation of 2D Model}{section.A.4}% 164
\BOOKMARK [2][-]{subsection.A.4.42}{App4-Creation of G-Code for 2D Model}{section.A.4}% 165
\BOOKMARK [1][-]{section.A.5}{Appendix-E5 Research Implementation Plan}{appendix.A}% 166
\BOOKMARK [2][-]{subsection.A.5.1}{App5-PhD Proposal Document Preparation}{section.A.5}% 167
\BOOKMARK [2][-]{subsection.A.5.2}{App5-Procurement of Long Lead Items and Project Setup}{section.A.5}% 168
\BOOKMARK [2][-]{subsection.A.5.3}{App5-Computer 64bit Resources and Software Installations}{section.A.5}% 169
\BOOKMARK [2][-]{subsection.A.5.4}{App5-Computer 32bit Resources and Software Installations}{section.A.5}% 170
\BOOKMARK [2][-]{subsection.A.5.5}{App5-UseCase Design and Software Architecture Design}{section.A.5}% 171
\BOOKMARK [2][-]{subsection.A.5.6}{App5-Process and Data Flow Design for the Control Loop}{section.A.5}% 172
\BOOKMARK [2][-]{subsection.A.5.7}{App5-Test-Case Based Design in Software Construction}{section.A.5}% 173
\BOOKMARK [2][-]{subsection.A.5.8}{App5-Completion Testing, Publication Plan and Project Closing}{section.A.5}% 174
\BOOKMARK [2][-]{subsection.A.5.9}{App5-Computer Notebook Specifications}{section.A.5}% 175
\BOOKMARK [2][-]{subsection.A.5.10}{App5-Computer Desktop Specifications}{section.A.5}% 176
\BOOKMARK [2][-]{subsection.A.5.11}{App5-Pulse Generator Interface Boards}{section.A.5}% 177
\BOOKMARK [2][-]{subsection.A.5.12}{App5-Software Programming Language Features}{section.A.5}% 178
\BOOKMARK [2][-]{subsection.A.5.13}{App5-Software Programming Paradigms}{section.A.5}% 179
\BOOKMARK [2][-]{subsection.A.5.14}{App5-Scilab NURBS versus Octave NURBS packages}{section.A.5}% 180
\BOOKMARK [2][-]{subsection.A.5.15}{App5-Python versus Julia programming languages}{section.A.5}% 181
\BOOKMARK [2][-]{subsection.A.5.16}{App5-C/C++ versus Rust system programming languages}{section.A.5}% 182
\BOOKMARK [0][-]{section*.83}{Acronyms}{}% 183
\BOOKMARK [0][-]{section*.85}{Glossary}{}% 184
\BOOKMARK [0][-]{appendix*.86}{Index}{}% 185
