This is pdfTeX, Version 3.14159265-2.6-1.40.16 (TeX Live 2015/Debian) (preloaded format=pdflatex 2018.11.3)  14 DEC 2018 15:33
entering extended mode
 restricted \write18 enabled.
 %&-line parsing enabled.
**Abstract.tex
(./Abstract.tex
LaTeX2e <2016/02/01>
Babel <3.9q> and hyphenation patterns for 81 language(s) loaded.
! Undefined control sequence.
l.1 \justifying
               
The control sequence at the end of the top line
of your error message was never \def'ed. If you have
misspelled it (e.g., `\hobx'), type `I' and the correct
spelling (e.g., `I\hbox'). Otherwise just continue,
and I'll forget about whatever was undefined.

! Undefined control sequence.
l.3 {\LARGE
           \bfseries
The control sequence at the end of the top line
of your error message was never \def'ed. If you have
misspelled it (e.g., `\hobx'), type `I' and the correct
spelling (e.g., `I\hbox'). Otherwise just continue,
and I'll forget about whatever was undefined.


! LaTeX Error: Missing \begin{document}.

See the LaTeX manual or LaTeX Companion for explanation.
Type  H <return>  for immediate help.
 ...                                              
                                                  
l.4 	A
      bstract\\
You're in trouble here.  Try typing  <return>  to proceed.
If that doesn't work, type  X <return>  to quit.


Overfull \hbox (64.00113pt too wide) in paragraph at lines 4--6
[]\OT1/cmr/bx/n/10 Abstract 
 []


! LaTeX Error: Environment tcolorbox undefined.

See the LaTeX manual or LaTeX Companion for explanation.
Type  H <return>  for immediate help.
 ...                                              
                                                  
l.9 \begin{tcolorbox}
                     
Your command was ignored.
Type  I <command> <return>  to replace it with another command,
or  <return>  to continue without it.


! LaTeX Error: Missing \begin{document}.

See the LaTeX manual or LaTeX Companion for explanation.
Type  H <return>  for immediate help.
 ...                                              
                                                  
l.10 ... the advancement of the knowledge domain.}
                                                  
You're in trouble here.  Try typing  <return>  to proceed.
If that doesn't work, type  X <return>  to quit.


Overfull \hbox (36.51091pt too wide) in paragraph at lines 10--12
[]\OT1/cmr/bx/it/10 TO
 []


Overfull \hbox (20.30536pt too wide) in paragraph at lines 10--12
\OT1/cmr/bx/it/10 RE-
 []


Overfull \hbox (35.20515pt too wide) in paragraph at lines 10--12
\OT1/cmr/bx/it/10 MOVE
 []


Overfull \hbox (41.93846pt too wide) in paragraph at lines 10--12
\OT1/cmr/bx/it/10 LATER\OT1/cmr/m/it/10 :
 []


Overfull \hbox (16.86655pt too wide) in paragraph at lines 10--12
\OT1/cmr/m/it/10 The
 []


Overfull \hbox (13.28879pt too wide) in paragraph at lines 10--12
\OT1/cmr/m/it/10 ab-
 []


Overfull \hbox (24.1498pt too wide) in paragraph at lines 10--12
\OT1/cmr/m/it/10 stract
 []


Overfull \hbox (7.15552pt too wide) in paragraph at lines 10--12
\OT1/cmr/m/it/10 is
 []


Overfull \hbox (5.11108pt too wide) in paragraph at lines 10--12
\OT1/cmr/m/it/10 a
 []


Overfull \hbox (19.54985pt too wide) in paragraph at lines 10--12
\OT1/cmr/m/it/10 brief
 []


Overfull \hbox (21.21098pt too wide) in paragraph at lines 10--12
\OT1/cmr/m/it/10 sum-
 []


Overfull \hbox (22.36096pt too wide) in paragraph at lines 10--12
\OT1/cmr/m/it/10 mary
 []


Overfull \hbox (8.17773pt too wide) in paragraph at lines 10--12
\OT1/cmr/m/it/10 of
 []


Overfull \hbox (19.54987pt too wide) in paragraph at lines 10--12
\OT1/cmr/m/it/10 your
 []


Overfull \hbox (25.57762pt too wide) in paragraph at lines 10--12
\OT1/cmr/m/it/10 Ph.D.
 []


Overfull \hbox (14.96098pt too wide) in paragraph at lines 10--12
\OT1/cmr/m/it/10 Re-
 []


Overfull \hbox (26.70534pt too wide) in paragraph at lines 10--12
\OT1/cmr/m/it/10 search
 []


Overfull \hbox (19.17763pt too wide) in paragraph at lines 10--12
\OT1/cmr/m/it/10 Pro-
 []


Overfull \hbox (24.53319pt too wide) in paragraph at lines 10--12
\OT1/cmr/m/it/10 posal,
 []


Overfull \hbox (15.84436pt too wide) in paragraph at lines 10--12
\OT1/cmr/m/it/10 and
 []


Overfull \hbox (27.3443pt too wide) in paragraph at lines 10--12
\OT1/cmr/m/it/10 should
 []


Overfull \hbox (8.6888pt too wide) in paragraph at lines 10--12
\OT1/cmr/m/it/10 be
 []


Overfull \hbox (10.73328pt too wide) in paragraph at lines 10--12
\OT1/cmr/m/it/10 no
 []


Overfull \hbox (26.70537pt too wide) in paragraph at lines 10--12
\OT1/cmr/m/it/10 longer
 []


Overfull \hbox (19.16655pt too wide) in paragraph at lines 10--12
\OT1/cmr/m/it/10 than
 []


Overfull \hbox (15.33325pt too wide) in paragraph at lines 10--12
\OT1/cmr/m/it/10 200
 []


Overfull \hbox (27.7276pt too wide) in paragraph at lines 10--12
\OT1/cmr/m/it/10 words.
 []


Overfull \hbox (7.17772pt too wide) in paragraph at lines 10--12
\OT1/cmr/m/it/10 It
 []


Overfull \hbox (24.14983pt too wide) in paragraph at lines 10--12
\OT1/cmr/m/it/10 starts
 []


Overfull \hbox (9.45547pt too wide) in paragraph at lines 10--12
\OT1/cmr/m/it/10 by
 []


Overfull \hbox (13.28879pt too wide) in paragraph at lines 10--12
\OT1/cmr/m/it/10 de-
 []


Overfull \hbox (24.14981pt too wide) in paragraph at lines 10--12
\OT1/cmr/m/it/10 scrib-
 []


Overfull \hbox (13.2888pt too wide) in paragraph at lines 10--12
\OT1/cmr/m/it/10 ing
 []


Overfull \hbox (8.68884pt too wide) in paragraph at lines 10--12
\OT1/cmr/m/it/10 in
 []


Overfull \hbox (5.11108pt too wide) in paragraph at lines 10--12
\OT1/cmr/m/it/10 a
 []


Overfull \hbox (14.31102pt too wide) in paragraph at lines 10--12
\OT1/cmr/m/it/10 few
 []


Overfull \hbox (24.66095pt too wide) in paragraph at lines 10--12
\OT1/cmr/m/it/10 words
 []


Overfull \hbox (13.03323pt too wide) in paragraph at lines 10--12
\OT1/cmr/m/it/10 the
 []


Overfull \hbox (28.62204pt too wide) in paragraph at lines 10--12
\OT1/cmr/m/it/10 knowl-
 []


Overfull \hbox (18.39984pt too wide) in paragraph at lines 10--12
\OT1/cmr/m/it/10 edge
 []


Overfull \hbox (13.79991pt too wide) in paragraph at lines 10--12
\OT1/cmr/m/it/10 do-
 []


Overfull \hbox (21.97766pt too wide) in paragraph at lines 10--12
\OT1/cmr/m/it/10 main
 []


Overfull \hbox (24.66092pt too wide) in paragraph at lines 10--12
\OT1/cmr/m/it/10 where
 []


Overfull \hbox (19.54987pt too wide) in paragraph at lines 10--12
\OT1/cmr/m/it/10 your
 []


Overfull \hbox (11.88321pt too wide) in paragraph at lines 10--12
\OT1/cmr/m/it/10 re-
 []


Overfull \hbox (26.70534pt too wide) in paragraph at lines 10--12
\OT1/cmr/m/it/10 search
 []


Overfull \hbox (21.72206pt too wide) in paragraph at lines 10--12
\OT1/cmr/m/it/10 takes
 []


Overfull \hbox (21.4665pt too wide) in paragraph at lines 10--12
\OT1/cmr/m/it/10 place
 []


Overfull \hbox (15.84436pt too wide) in paragraph at lines 10--12
\OT1/cmr/m/it/10 and
 []


Overfull \hbox (13.03323pt too wide) in paragraph at lines 10--12
\OT1/cmr/m/it/10 the
 []


Overfull \hbox (14.05544pt too wide) in paragraph at lines 10--12
\OT1/cmr/m/it/10 key
 []


Overfull \hbox (10.73326pt too wide) in paragraph at lines 10--12
\OT1/cmr/m/it/10 is-
 []


Overfull \hbox (18.14433pt too wide) in paragraph at lines 10--12
\OT1/cmr/m/it/10 sues
 []


Overfull \hbox (8.17773pt too wide) in paragraph at lines 10--12
\OT1/cmr/m/it/10 of
 []


Overfull \hbox (16.86655pt too wide) in paragraph at lines 10--12
\OT1/cmr/m/it/10 that
 []


Overfull \hbox (13.79991pt too wide) in paragraph at lines 10--12
\OT1/cmr/m/it/10 do-
 []


Overfull \hbox (21.97766pt too wide) in paragraph at lines 10--12
\OT1/cmr/m/it/10 main
 []


Overfull \hbox (16.86655pt too wide) in paragraph at lines 10--12
\OT1/cmr/m/it/10 that
 []


Overfull \hbox (11.75548pt too wide) in paragraph at lines 10--12
\OT1/cmr/m/it/10 of-
 []


Overfull \hbox (11.88324pt too wide) in paragraph at lines 10--12
\OT1/cmr/m/it/10 fer
 []


Overfull \hbox (13.79991pt too wide) in paragraph at lines 10--12
\OT1/cmr/m/it/10 op-
 []


Overfull \hbox (17.50542pt too wide) in paragraph at lines 10--12
\OT1/cmr/m/it/10 por-
 []


Overfull \hbox (12.26657pt too wide) in paragraph at lines 10--12
\OT1/cmr/m/it/10 tu-
 []


Overfull \hbox (12.26659pt too wide) in paragraph at lines 10--12
\OT1/cmr/m/it/10 ni-
 []


Overfull \hbox (15.07767pt too wide) in paragraph at lines 10--12
\OT1/cmr/m/it/10 ties
 []


Overfull \hbox (12.39436pt too wide) in paragraph at lines 10--12
\OT1/cmr/m/it/10 for
 []


Overfull \hbox (13.03323pt too wide) in paragraph at lines 10--12
\OT1/cmr/m/it/10 the
 []


Overfull \hbox (15.33322pt too wide) in paragraph at lines 10--12
\OT1/cmr/m/it/10 sci-
 []


Overfull \hbox (13.7999pt too wide) in paragraph at lines 10--12
\OT1/cmr/m/it/10 en-
 []


Overfull \hbox (16.611pt too wide) in paragraph at lines 10--12
\OT1/cmr/m/it/10 tific
 []


Overfull \hbox (9.32771pt too wide) in paragraph at lines 10--12
\OT1/cmr/m/it/10 or
 []


Overfull \hbox (20.69981pt too wide) in paragraph at lines 10--12
\OT1/cmr/m/it/10 tech-
 []


Overfull \hbox (14.31102pt too wide) in paragraph at lines 10--12
\OT1/cmr/m/it/10 no-
 []


Overfull \hbox (15.3332pt too wide) in paragraph at lines 10--12
\OT1/cmr/m/it/10 log-
 []


Overfull \hbox (6.6444pt too wide) in paragraph at lines 10--12
\OT1/cmr/m/it/10 i-
 []


Overfull \hbox (11.75546pt too wide) in paragraph at lines 10--12
\OT1/cmr/m/it/10 cal
 []


Overfull \hbox (12.26659pt too wide) in paragraph at lines 10--12
\OT1/cmr/m/it/10 in-
 []


Overfull \hbox (14.31102pt too wide) in paragraph at lines 10--12
\OT1/cmr/m/it/10 no-
 []


Overfull \hbox (13.28879pt too wide) in paragraph at lines 10--12
\OT1/cmr/m/it/10 va-
 []


Overfull \hbox (21.21098pt too wide) in paragraph at lines 10--12
\OT1/cmr/m/it/10 tions
 []


Overfull \hbox (15.33324pt too wide) in paragraph at lines 10--12
\OT1/cmr/m/it/10 you
 []


Overfull \hbox (12.26659pt too wide) in paragraph at lines 10--12
\OT1/cmr/m/it/10 in-
 []


Overfull \hbox (18.65543pt too wide) in paragraph at lines 10--12
\OT1/cmr/m/it/10 tend
 []


Overfull \hbox (8.43327pt too wide) in paragraph at lines 10--12
\OT1/cmr/m/it/10 to
 []


Overfull \hbox (12.81657pt too wide) in paragraph at lines 10--12
\OT1/cmr/m/it/10 ex-
 []


Overfull \hbox (24.14983pt too wide) in paragraph at lines 10--12
\OT1/cmr/m/it/10 plore.
 []


Overfull \hbox (19.67763pt too wide) in paragraph at lines 10--12
\OT1/cmr/m/it/10 Tak-
 []


Overfull \hbox (13.2888pt too wide) in paragraph at lines 10--12
\OT1/cmr/m/it/10 ing
 []


Overfull \hbox (22.23318pt too wide) in paragraph at lines 10--12
\OT1/cmr/m/it/10 those
 []


Overfull \hbox (14.05544pt too wide) in paragraph at lines 10--12
\OT1/cmr/m/it/10 key
 []


Overfull \hbox (10.73326pt too wide) in paragraph at lines 10--12
\OT1/cmr/m/it/10 is-
 []


Overfull \hbox (18.14433pt too wide) in paragraph at lines 10--12
\OT1/cmr/m/it/10 sues
 []


Overfull \hbox (9.19995pt too wide) in paragraph at lines 10--12
\OT1/cmr/m/it/10 as
 []


Overfull \hbox (5.11108pt too wide) in paragraph at lines 10--12
\OT1/cmr/m/it/10 a
 []


Overfull \hbox (21.97758pt too wide) in paragraph at lines 10--12
\OT1/cmr/m/it/10 back-
 []


Overfull \hbox (32.58311pt too wide) in paragraph at lines 10--12
\OT1/cmr/m/it/10 ground,
 []


Overfull \hbox (15.33324pt too wide) in paragraph at lines 10--12
\OT1/cmr/m/it/10 you
 []


Overfull \hbox (18.65543pt too wide) in paragraph at lines 10--12
\OT1/cmr/m/it/10 then
 []


Overfull \hbox (31.04976pt too wide) in paragraph at lines 10--12
\OT1/cmr/m/it/10 present
 []


Overfull \hbox (27.21645pt too wide) in paragraph at lines 10--12
\OT1/cmr/m/it/10 briefly
 []


Overfull \hbox (19.54987pt too wide) in paragraph at lines 10--12
\OT1/cmr/m/it/10 your
 []


Overfull \hbox (11.88321pt too wide) in paragraph at lines 10--12
\OT1/cmr/m/it/10 re-
 []


Overfull \hbox (26.70534pt too wide) in paragraph at lines 10--12
\OT1/cmr/m/it/10 search
 []


Overfull \hbox (24.02203pt too wide) in paragraph at lines 10--12
\OT1/cmr/m/it/10 state-
 []


Overfull \hbox (24.78873pt too wide) in paragraph at lines 10--12
\OT1/cmr/m/it/10 ment,
 []


Overfull \hbox (19.54987pt too wide) in paragraph at lines 10--12
\OT1/cmr/m/it/10 your
 []


Overfull \hbox (17.50542pt too wide) in paragraph at lines 10--12
\OT1/cmr/m/it/10 pro-
 []


Overfull \hbox (22.99983pt too wide) in paragraph at lines 10--12
\OT1/cmr/m/it/10 posed
 []


Overfull \hbox (11.88321pt too wide) in paragraph at lines 10--12
\OT1/cmr/m/it/10 re-
 []


Overfull \hbox (26.70534pt too wide) in paragraph at lines 10--12
\OT1/cmr/m/it/10 search
 []


Overfull \hbox (13.79991pt too wide) in paragraph at lines 10--12
\OT1/cmr/m/it/10 ap-
 []


Overfull \hbox (31.30533pt too wide) in paragraph at lines 10--12
\OT1/cmr/m/it/10 proach,
 []


Overfull \hbox (13.03323pt too wide) in paragraph at lines 10--12
\OT1/cmr/m/it/10 the
 []


Overfull \hbox (11.88321pt too wide) in paragraph at lines 10--12
\OT1/cmr/m/it/10 re-
 []


Overfull \hbox (19.4221pt too wide) in paragraph at lines 10--12
\OT1/cmr/m/it/10 sults
 []


Overfull \hbox (15.33324pt too wide) in paragraph at lines 10--12
\OT1/cmr/m/it/10 you
 []


Overfull \hbox (12.81657pt too wide) in paragraph at lines 10--12
\OT1/cmr/m/it/10 ex-
 []


Overfull \hbox (16.61095pt too wide) in paragraph at lines 10--12
\OT1/cmr/m/it/10 pect
 []


Overfull \hbox (8.43327pt too wide) in paragraph at lines 10--12
\OT1/cmr/m/it/10 to
 []


Overfull \hbox (34.75531pt too wide) in paragraph at lines 10--12
\OT1/cmr/m/it/10 achieve,
 []


Overfull \hbox (15.84436pt too wide) in paragraph at lines 10--12
\OT1/cmr/m/it/10 and
 []


Overfull \hbox (13.03323pt too wide) in paragraph at lines 10--12
\OT1/cmr/m/it/10 the
 []


Overfull \hbox (14.31102pt too wide) in paragraph at lines 10--12
\OT1/cmr/m/it/10 an-
 []


Overfull \hbox (14.56654pt too wide) in paragraph at lines 10--12
\OT1/cmr/m/it/10 tic-
 []


Overfull \hbox (6.6444pt too wide) in paragraph at lines 10--12
\OT1/cmr/m/it/10 i-
 []


Overfull \hbox (22.23315pt too wide) in paragraph at lines 10--12
\OT1/cmr/m/it/10 pated
 []


Overfull \hbox (14.82213pt too wide) in paragraph at lines 10--12
\OT1/cmr/m/it/10 im-
 []


Overfull \hbox (14.31102pt too wide) in paragraph at lines 10--12
\OT1/cmr/m/it/10 pli-
 []


Overfull \hbox (12.77766pt too wide) in paragraph at lines 10--12
\OT1/cmr/m/it/10 ca-
 []


Overfull \hbox (21.21098pt too wide) in paragraph at lines 10--12
\OT1/cmr/m/it/10 tions
 []


Overfull \hbox (8.17773pt too wide) in paragraph at lines 10--12
\OT1/cmr/m/it/10 of
 []


Overfull \hbox (19.16655pt too wide) in paragraph at lines 10--12
\OT1/cmr/m/it/10 such
 []


Overfull \hbox (11.88321pt too wide) in paragraph at lines 10--12
\OT1/cmr/m/it/10 re-
 []


Overfull \hbox (19.4221pt too wide) in paragraph at lines 10--12
\OT1/cmr/m/it/10 sults
 []


Overfull \hbox (10.73328pt too wide) in paragraph at lines 10--12
\OT1/cmr/m/it/10 on
 []


Overfull \hbox (13.03323pt too wide) in paragraph at lines 10--12
\OT1/cmr/m/it/10 the
 []


Overfull \hbox (13.79991pt too wide) in paragraph at lines 10--12
\OT1/cmr/m/it/10 ad-
 []


Overfull \hbox (27.59978pt too wide) in paragraph at lines 10--12
\OT1/cmr/m/it/10 vance-
 []


Overfull \hbox (21.72208pt too wide) in paragraph at lines 10--12
\OT1/cmr/m/it/10 ment
 []


Overfull \hbox (8.17773pt too wide) in paragraph at lines 10--12
\OT1/cmr/m/it/10 of
 []


Overfull \hbox (13.03323pt too wide) in paragraph at lines 10--12
\OT1/cmr/m/it/10 the
 []


Overfull \hbox (28.62204pt too wide) in paragraph at lines 10--12
\OT1/cmr/m/it/10 knowl-
 []


Overfull \hbox (18.39984pt too wide) in paragraph at lines 10--12
\OT1/cmr/m/it/10 edge
 []


Overfull \hbox (13.79991pt too wide) in paragraph at lines 10--12
\OT1/cmr/m/it/10 do-
 []


Overfull \hbox (25.04431pt too wide) in paragraph at lines 10--12
\OT1/cmr/m/it/10 main.
 []


! LaTeX Error: Missing \begin{document}.

See the LaTeX manual or LaTeX Companion for explanation.
Type  H <return>  for immediate help.
 ...                                              
                                                  
l.13 ...for the production of research proposals.}
                                                  
You're in trouble here.  Try typing  <return>  to proceed.
If that doesn't work, type  X <return>  to quit.


! LaTeX Error: \begin{document} ended by \end{tcolorbox}.

See the LaTeX manual or LaTeX Companion for explanation.
Type  H <return>  for immediate help.
 ...                                              
                                                  
l.14 \end{tcolorbox}
                    
Your command was ignored.
Type  I <command> <return>  to replace it with another command,
or  <return>  to continue without it.


Overfull \hbox (36.51091pt too wide) in paragraph at lines 13--15
[]\OT1/cmr/bx/it/10 TO
 []


Overfull \hbox (20.30536pt too wide) in paragraph at lines 13--15
\OT1/cmr/bx/it/10 RE-
 []


Overfull \hbox (35.20515pt too wide) in paragraph at lines 13--15
\OT1/cmr/bx/it/10 MOVE
 []


Overfull \hbox (41.93846pt too wide) in paragraph at lines 13--15
\OT1/cmr/bx/it/10 LATER\OT1/cmr/m/it/10 :
 []


Overfull \hbox (11.49992pt too wide) in paragraph at lines 13--15
\OT1/cmr/m/it/10 To
 []


Overfull \hbox (18.39984pt too wide) in paragraph at lines 13--15
\OT1/cmr/m/it/10 keep
 []


Overfull \hbox (19.54987pt too wide) in paragraph at lines 13--15
\OT1/cmr/m/it/10 your
 []


Overfull \hbox (13.28879pt too wide) in paragraph at lines 13--15
\OT1/cmr/m/it/10 ab-
 []


Overfull \hbox (24.1498pt too wide) in paragraph at lines 13--15
\OT1/cmr/m/it/10 stract
 []


Overfull \hbox (18.39986pt too wide) in paragraph at lines 13--15
\OT1/cmr/m/it/10 con-
 []


Overfull \hbox (16.35544pt too wide) in paragraph at lines 13--15
\OT1/cmr/m/it/10 cise
 []


Overfull \hbox (15.84436pt too wide) in paragraph at lines 13--15
\OT1/cmr/m/it/10 and
 []


Overfull \hbox (13.28879pt too wide) in paragraph at lines 13--15
\OT1/cmr/m/it/10 ob-
 []


Overfull \hbox (15.33319pt too wide) in paragraph at lines 13--15
\OT1/cmr/m/it/10 jec-
 []


Overfull \hbox (18.65541pt too wide) in paragraph at lines 13--15
\OT1/cmr/m/it/10 tive,
 []


Overfull \hbox (24.53317pt too wide) in paragraph at lines 13--15
\OT1/cmr/m/it/10 imag-
 []


Overfull \hbox (13.2888pt too wide) in paragraph at lines 13--15
\OT1/cmr/m/it/10 ine
 []


Overfull \hbox (16.86655pt too wide) in paragraph at lines 13--15
\OT1/cmr/m/it/10 that
 []


Overfull \hbox (15.33324pt too wide) in paragraph at lines 13--15
\OT1/cmr/m/it/10 you
 []


Overfull \hbox (19.54984pt too wide) in paragraph at lines 13--15
\OT1/cmr/m/it/10 were
 []


Overfull \hbox (20.44429pt too wide) in paragraph at lines 13--15
\OT1/cmr/m/it/10 look-
 []


Overfull \hbox (13.2888pt too wide) in paragraph at lines 13--15
\OT1/cmr/m/it/10 ing
 []


Overfull \hbox (12.39436pt too wide) in paragraph at lines 13--15
\OT1/cmr/m/it/10 for
 []


Overfull \hbox (9.19994pt too wide) in paragraph at lines 13--15
\OT1/cmr/m/it/10 fi-
 []


Overfull \hbox (19.93321pt too wide) in paragraph at lines 13--15
\OT1/cmr/m/it/10 nan-
 []


Overfull \hbox (15.33324pt too wide) in paragraph at lines 13--15
\OT1/cmr/m/it/10 cial
 []


Overfull \hbox (18.14433pt too wide) in paragraph at lines 13--15
\OT1/cmr/m/it/10 sup-
 []


Overfull \hbox (17.24986pt too wide) in paragraph at lines 13--15
\OT1/cmr/m/it/10 port
 []


Overfull \hbox (20.06097pt too wide) in paragraph at lines 13--15
\OT1/cmr/m/it/10 from
 []


Overfull \hbox (25.55539pt too wide) in paragraph at lines 13--15
\OT1/cmr/m/it/10 some-
 []


Overfull \hbox (15.33324pt too wide) in paragraph at lines 13--15
\OT1/cmr/m/it/10 one
 []


Overfull \hbox (16.86658pt too wide) in paragraph at lines 13--15
\OT1/cmr/m/it/10 who
 []


Overfull \hbox (7.15552pt too wide) in paragraph at lines 13--15
\OT1/cmr/m/it/10 is
 []


Overfull \hbox (18.27206pt too wide) in paragraph at lines 13--15
\OT1/cmr/m/it/10 very
 []


Overfull \hbox (21.97763pt too wide) in paragraph at lines 13--15
\OT1/cmr/m/it/10 busy.
 []


Overfull \hbox (19.67766pt too wide) in paragraph at lines 13--15
\OT1/cmr/m/it/10 Sup-
 []


Overfull \hbox (18.39987pt too wide) in paragraph at lines 13--15
\OT1/cmr/m/it/10 pose
 []


Overfull \hbox (16.86655pt too wide) in paragraph at lines 13--15
\OT1/cmr/m/it/10 that
 []


Overfull \hbox (15.33324pt too wide) in paragraph at lines 13--15
\OT1/cmr/m/it/10 you
 []


Overfull \hbox (19.54984pt too wide) in paragraph at lines 13--15
\OT1/cmr/m/it/10 were
 []


Overfull \hbox (8.43327pt too wide) in paragraph at lines 13--15
\OT1/cmr/m/it/10 to
 []


Overfull \hbox (20.18872pt too wide) in paragraph at lines 13--15
\OT1/cmr/m/it/10 meet
 []


Overfull \hbox (16.86655pt too wide) in paragraph at lines 13--15
\OT1/cmr/m/it/10 that
 []


Overfull \hbox (16.9943pt too wide) in paragraph at lines 13--15
\OT1/cmr/m/it/10 per-
 []


Overfull \hbox (14.82214pt too wide) in paragraph at lines 13--15
\OT1/cmr/m/it/10 son
 []


Overfull \hbox (8.43327pt too wide) in paragraph at lines 13--15
\OT1/cmr/m/it/10 at
 []


Overfull \hbox (10.73328pt too wide) in paragraph at lines 13--15
\OT1/cmr/m/it/10 an
 []


Overfull \hbox (11.75548pt too wide) in paragraph at lines 13--15
\OT1/cmr/m/it/10 of-
 []


Overfull \hbox (9.19994pt too wide) in paragraph at lines 13--15
\OT1/cmr/m/it/10 fi-
 []


Overfull \hbox (15.33324pt too wide) in paragraph at lines 13--15
\OT1/cmr/m/it/10 cial
 []


Overfull \hbox (11.88321pt too wide) in paragraph at lines 13--15
\OT1/cmr/m/it/10 re-
 []


Overfull \hbox (17.37762pt too wide) in paragraph at lines 13--15
\OT1/cmr/m/it/10 cep-
 []


Overfull \hbox (17.12212pt too wide) in paragraph at lines 13--15
\OT1/cmr/m/it/10 tion
 []


Overfull \hbox (15.84436pt too wide) in paragraph at lines 13--15
\OT1/cmr/m/it/10 and
 []


Overfull \hbox (16.86655pt too wide) in paragraph at lines 13--15
\OT1/cmr/m/it/10 that
 []


Overfull \hbox (13.79991pt too wide) in paragraph at lines 13--15
\OT1/cmr/m/it/10 she
 []


Overfull \hbox (24.78876pt too wide) in paragraph at lines 13--15
\OT1/cmr/m/it/10 would
 []


Overfull \hbox (8.6888pt too wide) in paragraph at lines 13--15
\OT1/cmr/m/it/10 be
 []


Overfull \hbox (18.911pt too wide) in paragraph at lines 13--15
\OT1/cmr/m/it/10 will-
 []


Overfull \hbox (13.2888pt too wide) in paragraph at lines 13--15
\OT1/cmr/m/it/10 ing
 []


Overfull \hbox (8.43327pt too wide) in paragraph at lines 13--15
\OT1/cmr/m/it/10 to
 []


Overfull \hbox (13.2888pt too wide) in paragraph at lines 13--15
\OT1/cmr/m/it/10 lis-
 []


Overfull \hbox (13.54434pt too wide) in paragraph at lines 13--15
\OT1/cmr/m/it/10 ten
 []


Overfull \hbox (8.43327pt too wide) in paragraph at lines 13--15
\OT1/cmr/m/it/10 to
 []


Overfull \hbox (15.33324pt too wide) in paragraph at lines 13--15
\OT1/cmr/m/it/10 you
 []


Overfull \hbox (12.39436pt too wide) in paragraph at lines 13--15
\OT1/cmr/m/it/10 for
 []


Overfull \hbox (10.73328pt too wide) in paragraph at lines 13--15
\OT1/cmr/m/it/10 no
 []


Overfull \hbox (21.59428pt too wide) in paragraph at lines 13--15
\OT1/cmr/m/it/10 more
 []


Overfull \hbox (19.16655pt too wide) in paragraph at lines 13--15
\OT1/cmr/m/it/10 than
 []


Overfull \hbox (15.07768pt too wide) in paragraph at lines 13--15
\OT1/cmr/m/it/10 two
 []


Overfull \hbox (20.44432pt too wide) in paragraph at lines 13--15
\OT1/cmr/m/it/10 min-
 []


Overfull \hbox (20.4443pt too wide) in paragraph at lines 13--15
\OT1/cmr/m/it/10 utes.
 []


Overfull \hbox (23.53319pt too wide) in paragraph at lines 13--15
\OT1/cmr/m/it/10 What
 []


Overfull \hbox (15.33324pt too wide) in paragraph at lines 13--15
\OT1/cmr/m/it/10 you
 []


Overfull \hbox (24.78876pt too wide) in paragraph at lines 13--15
\OT1/cmr/m/it/10 would
 []


Overfull \hbox (14.05547pt too wide) in paragraph at lines 13--15
\OT1/cmr/m/it/10 say
 []


Overfull \hbox (8.43327pt too wide) in paragraph at lines 13--15
\OT1/cmr/m/it/10 to
 []


Overfull \hbox (16.86655pt too wide) in paragraph at lines 13--15
\OT1/cmr/m/it/10 that
 []


Overfull \hbox (16.9943pt too wide) in paragraph at lines 13--15
\OT1/cmr/m/it/10 per-
 []


Overfull \hbox (17.8888pt too wide) in paragraph at lines 13--15
\OT1/cmr/m/it/10 son,
 []


Overfull \hbox (15.84436pt too wide) in paragraph at lines 13--15
\OT1/cmr/m/it/10 and
 []


Overfull \hbox (13.03323pt too wide) in paragraph at lines 13--15
\OT1/cmr/m/it/10 the
 []


Overfull \hbox (24.53316pt too wide) in paragraph at lines 13--15
\OT1/cmr/m/it/10 pleas-
 []


Overfull \hbox (14.05547pt too wide) in paragraph at lines 13--15
\OT1/cmr/m/it/10 ant
 []


Overfull \hbox (19.42207pt too wide) in paragraph at lines 13--15
\OT1/cmr/m/it/10 style
 []


Overfull \hbox (15.33324pt too wide) in paragraph at lines 13--15
\OT1/cmr/m/it/10 you
 []


Overfull \hbox (24.78876pt too wide) in paragraph at lines 13--15
\OT1/cmr/m/it/10 would
 []


Overfull \hbox (23.76653pt too wide) in paragraph at lines 13--15
\OT1/cmr/m/it/10 adopt
 []


Overfull \hbox (8.68884pt too wide) in paragraph at lines 13--15
\OT1/cmr/m/it/10 in
 []


Overfull \hbox (22.23318pt too wide) in paragraph at lines 13--15
\OT1/cmr/m/it/10 those
 []


Overfull \hbox (15.07768pt too wide) in paragraph at lines 13--15
\OT1/cmr/m/it/10 two
 []


Overfull \hbox (13.28879pt too wide) in paragraph at lines 13--15
\OT1/cmr/m/it/10 de-
 []


Overfull \hbox (27.59984pt too wide) in paragraph at lines 13--15
\OT1/cmr/m/it/10 mand-
 []


Overfull \hbox (13.2888pt too wide) in paragraph at lines 13--15
\OT1/cmr/m/it/10 ing
 []


Overfull \hbox (20.44432pt too wide) in paragraph at lines 13--15
\OT1/cmr/m/it/10 min-
 []


Overfull \hbox (20.4443pt too wide) in paragraph at lines 13--15
\OT1/cmr/m/it/10 utes,
 []


Overfull \hbox (7.15552pt too wide) in paragraph at lines 13--15
\OT1/cmr/m/it/10 is
 []


Overfull \hbox (20.18877pt too wide) in paragraph at lines 13--15
\OT1/cmr/m/it/10 what
 []


Overfull \hbox (15.33324pt too wide) in paragraph at lines 13--15
\OT1/cmr/m/it/10 you
 []


Overfull \hbox (27.3443pt too wide) in paragraph at lines 13--15
\OT1/cmr/m/it/10 should
 []


Overfull \hbox (13.79991pt too wide) in paragraph at lines 13--15
\OT1/cmr/m/it/10 put
 []


Overfull \hbox (8.68884pt too wide) in paragraph at lines 13--15
\OT1/cmr/m/it/10 in
 []


Overfull \hbox (19.54987pt too wide) in paragraph at lines 13--15
\OT1/cmr/m/it/10 your
 []


Overfull \hbox (13.28879pt too wide) in paragraph at lines 13--15
\OT1/cmr/m/it/10 ab-
 []


Overfull \hbox (27.21645pt too wide) in paragraph at lines 13--15
\OT1/cmr/m/it/10 stract.
 []


Overfull \hbox (16.86655pt too wide) in paragraph at lines 13--15
\OT1/cmr/m/it/10 The
 []


Overfull \hbox (26.32204pt too wide) in paragraph at lines 13--15
\OT1/cmr/m/it/10 guide-
 []


Overfull \hbox (19.93321pt too wide) in paragraph at lines 13--15
\OT1/cmr/m/it/10 lines
 []


Overfull \hbox (17.50542pt too wide) in paragraph at lines 13--15
\OT1/cmr/m/it/10 pro-
 []


Overfull \hbox (21.97762pt too wide) in paragraph at lines 13--15
\OT1/cmr/m/it/10 vided
 []


Overfull \hbox (8.68884pt too wide) in paragraph at lines 13--15
\OT1/cmr/m/it/10 in
 []


Overfull \hbox (15.58879pt too wide) in paragraph at lines 13--15
\OT1/cmr/m/it/10 this
 []


Overfull \hbox (19.67763pt too wide) in paragraph at lines 13--15
\OT1/cmr/m/it/10 tem-
 []


Overfull \hbox (20.69986pt too wide) in paragraph at lines 13--15
\OT1/cmr/m/it/10 plate
 []


Overfull \hbox (13.41655pt too wide) in paragraph at lines 13--15
\OT1/cmr/m/it/10 are
 []


Overfull \hbox (26.32204pt too wide) in paragraph at lines 13--15
\OT1/cmr/m/it/10 meant
 []


Overfull \hbox (8.43327pt too wide) in paragraph at lines 13--15
\OT1/cmr/m/it/10 to
 []


Overfull \hbox (8.6888pt too wide) in paragraph at lines 13--15
\OT1/cmr/m/it/10 be
 []


Overfull \hbox (18.65543pt too wide) in paragraph at lines 13--15
\OT1/cmr/m/it/10 used
 []


Overfull \hbox (16.48317pt too wide) in paragraph at lines 13--15
\OT1/cmr/m/it/10 cre-
 []


Overfull \hbox (28.1109pt too wide) in paragraph at lines 13--15
\OT1/cmr/m/it/10 atively
 []


Overfull \hbox (15.84436pt too wide) in paragraph at lines 13--15
\OT1/cmr/m/it/10 and
 []


Overfull \hbox (17.12212pt too wide) in paragraph at lines 13--15
\OT1/cmr/m/it/10 not,
 []


Overfull \hbox (9.45547pt too wide) in paragraph at lines 13--15
\OT1/cmr/m/it/10 by
 []


Overfull \hbox (15.58879pt too wide) in paragraph at lines 13--15
\OT1/cmr/m/it/10 any
 []


Overfull \hbox (30.15536pt too wide) in paragraph at lines 13--15
\OT1/cmr/m/it/10 means,
 []


Overfull \hbox (9.19995pt too wide) in paragraph at lines 13--15
\OT1/cmr/m/it/10 as
 []


Overfull \hbox (5.11108pt too wide) in paragraph at lines 13--15
\OT1/cmr/m/it/10 a
 []


Overfull \hbox (21.97758pt too wide) in paragraph at lines 13--15
\OT1/cmr/m/it/10 cook-
 []


Overfull \hbox (18.39984pt too wide) in paragraph at lines 13--15
\OT1/cmr/m/it/10 book
 []


Overfull \hbox (24.66087pt too wide) in paragraph at lines 13--15
\OT1/cmr/m/it/10 recipe
 []


Overfull \hbox (12.39436pt too wide) in paragraph at lines 13--15
\OT1/cmr/m/it/10 for
 []


Overfull \hbox (13.03323pt too wide) in paragraph at lines 13--15
\OT1/cmr/m/it/10 the
 []


Overfull \hbox (17.50542pt too wide) in paragraph at lines 13--15
\OT1/cmr/m/it/10 pro-
 []


Overfull \hbox (18.65543pt too wide) in paragraph at lines 13--15
\OT1/cmr/m/it/10 duc-
 []


Overfull \hbox (17.12212pt too wide) in paragraph at lines 13--15
\OT1/cmr/m/it/10 tion
 []


Overfull \hbox (8.17773pt too wide) in paragraph at lines 13--15
\OT1/cmr/m/it/10 of
 []


Overfull \hbox (11.88321pt too wide) in paragraph at lines 13--15
\OT1/cmr/m/it/10 re-
 []


Overfull \hbox (26.70534pt too wide) in paragraph at lines 13--15
\OT1/cmr/m/it/10 search
 []


Overfull \hbox (17.50542pt too wide) in paragraph at lines 13--15
\OT1/cmr/m/it/10 pro-
 []


Overfull \hbox (17.37766pt too wide) in paragraph at lines 13--15
\OT1/cmr/m/it/10 pos-
 []


Overfull \hbox (14.82214pt too wide) in paragraph at lines 13--15
\OT1/cmr/m/it/10 als.
 []


! LaTeX Error: The font size command \normalsize is not defined:
               there is probably something wrong with the class file.

See the LaTeX manual or LaTeX Companion for explanation.
Type  H <return>  for immediate help.
 ...                                              
                                                  
l.15 
     
Your command was ignored.
Type  I <command> <return>  to replace it with another command,
or  <return>  to continue without it.

[1{/var/lib/texmf/fonts/map/pdftex/updmap/pdftex.map}]

! LaTeX Error: The font size command \normalsize is not defined:
               there is probably something wrong with the class file.

See the LaTeX manual or LaTeX Companion for explanation.
Type  H <return>  for immediate help.
 ...                                              
                                                  
l.17 \normalsize
                
Your command was ignored.
Type  I <command> <return>  to replace it with another command,
or  <return>  to continue without it.


! LaTeX Error: Missing \begin{document}.

See the LaTeX manual or LaTeX Companion for explanation.
Type  H <return>  for immediate help.
 ...                                              
                                                  
l.18 \textbf{Keywords}
                      
You're in trouble here.  Try typing  <return>  to proceed.
If that doesn't work, type  X <return>  to quit.


Overfull \hbox (69.75113pt too wide) in paragraph at lines 18--20
[]\OT1/cmr/bx/n/10 Keywords
 []


! LaTeX Error: Missing \begin{document}.

See the LaTeX manual or LaTeX Companion for explanation.
Type  H <return>  for immediate help.
 ...                                              
                                                  
l.21 C
      NC, interpolation, reference-pulse, look-ahead control, feedrate compe...

You're in trouble here.  Try typing  <return>  to proceed.
If that doesn't work, type  X <return>  to quit.

Missing character: There is no C in font nullfont!
Missing character: There is no N in font nullfont!
Missing character: There is no C in font nullfont!
Missing character: There is no , in font nullfont!
Missing character: There is no i in font nullfont!
Missing character: There is no n in font nullfont!
Missing character: There is no t in font nullfont!
Missing character: There is no e in font nullfont!
Missing character: There is no r in font nullfont!
Missing character: There is no p in font nullfont!
Missing character: There is no o in font nullfont!
Missing character: There is no l in font nullfont!
Missing character: There is no a in font nullfont!
Missing character: There is no t in font nullfont!
Missing character: There is no i in font nullfont!
Missing character: There is no o in font nullfont!
Missing character: There is no n in font nullfont!
Missing character: There is no , in font nullfont!
Missing character: There is no r in font nullfont!
Missing character: There is no e in font nullfont!
Missing character: There is no f in font nullfont!
Missing character: There is no e in font nullfont!
Missing character: There is no r in font nullfont!
Missing character: There is no e in font nullfont!
Missing character: There is no n in font nullfont!
Missing character: There is no c in font nullfont!
Missing character: There is no e in font nullfont!
Missing character: There is no - in font nullfont!
Missing character: There is no p in font nullfont!
Missing character: There is no u in font nullfont!
Missing character: There is no l in font nullfont!
Missing character: There is no s in font nullfont!
Missing character: There is no e in font nullfont!
Missing character: There is no , in font nullfont!
Missing character: There is no l in font nullfont!
Missing character: There is no o in font nullfont!
Missing character: There is no o in font nullfont!
Missing character: There is no k in font nullfont!
Missing character: There is no - in font nullfont!
Missing character: There is no a in font nullfont!
Missing character: There is no h in font nullfont!
Missing character: There is no e in font nullfont!
Missing character: There is no a in font nullfont!
Missing character: There is no d in font nullfont!
Missing character: There is no c in font nullfont!
Missing character: There is no o in font nullfont!
Missing character: There is no n in font nullfont!
Missing character: There is no t in font nullfont!
Missing character: There is no r in font nullfont!
Missing character: There is no o in font nullfont!
Missing character: There is no l in font nullfont!
Missing character: There is no , in font nullfont!
Missing character: There is no f in font nullfont!
Missing character: There is no e in font nullfont!
Missing character: There is no e in font nullfont!
Missing character: There is no d in font nullfont!
Missing character: There is no r in font nullfont!
Missing character: There is no a in font nullfont!
Missing character: There is no t in font nullfont!
Missing character: There is no e in font nullfont!
Missing character: There is no c in font nullfont!
Missing character: There is no o in font nullfont!
Missing character: There is no m in font nullfont!
Missing character: There is no p in font nullfont!
Missing character: There is no e in font nullfont!
Missing character: There is no n in font nullfont!
Missing character: There is no s in font nullfont!
Missing character: There is no a in font nullfont!
Missing character: There is no t in font nullfont!
Missing character: There is no i in font nullfont!
Missing character: There is no o in font nullfont!
Missing character: There is no n in font nullfont!
Missing character: There is no , in font nullfont!
Missing character: There is no r in font nullfont!
Missing character: There is no e in font nullfont!
Missing character: There is no a in font nullfont!
Missing character: There is no l in font nullfont!
Missing character: There is no t in font nullfont!
Missing character: There is no i in font nullfont!
Missing character: There is no m in font nullfont!
Missing character: There is no e in font nullfont!
Missing character: There is no , in font nullfont!
Missing character: There is no r in font nullfont!
Missing character: There is no e in font nullfont!
Missing character: There is no a in font nullfont!
Missing character: There is no l in font nullfont!
Missing character: There is no t in font nullfont!
Missing character: There is no i in font nullfont!
Missing character: There is no m in font nullfont!
Missing character: There is no e in font nullfont!
Missing character: There is no p in font nullfont!
Missing character: There is no r in font nullfont!
Missing character: There is no o in font nullfont!
Missing character: There is no c in font nullfont!
Missing character: There is no e in font nullfont!
Missing character: There is no s in font nullfont!
Missing character: There is no s in font nullfont!
Missing character: There is no i in font nullfont!
Missing character: There is no n in font nullfont!
Missing character: There is no g in font nullfont!
Missing character: There is no , in font nullfont!
Missing character: There is no p in font nullfont!
Missing character: There is no a in font nullfont!
Missing character: There is no r in font nullfont!
Missing character: There is no a in font nullfont!
Missing character: There is no l in font nullfont!
Missing character: There is no l in font nullfont!
Missing character: There is no e in font nullfont!
Missing character: There is no l in font nullfont!
Missing character: There is no c in font nullfont!
Missing character: There is no o in font nullfont!
Missing character: There is no m in font nullfont!
Missing character: There is no p in font nullfont!
Missing character: There is no u in font nullfont!
Missing character: There is no t in font nullfont!
Missing character: There is no i in font nullfont!
Missing character: There is no n in font nullfont!
Missing character: There is no g in font nullfont!
Missing character: There is no , in font nullfont!
Missing character: There is no p in font nullfont!
Missing character: There is no a in font nullfont!
Missing character: There is no r in font nullfont!
Missing character: There is no a in font nullfont!
Missing character: There is no l in font nullfont!
Missing character: There is no l in font nullfont!
Missing character: There is no e in font nullfont!
Missing character: There is no l in font nullfont!
Missing character: There is no a in font nullfont!
Missing character: There is no l in font nullfont!
Missing character: There is no g in font nullfont!
Missing character: There is no o in font nullfont!
Missing character: There is no r in font nullfont!
Missing character: There is no i in font nullfont!
Missing character: There is no t in font nullfont!
Missing character: There is no h in font nullfont!
Missing character: There is no m in font nullfont!
Missing character: There is no . in font nullfont!

Overfull \hbox (20.0pt too wide) in paragraph at lines 21--23
[]
 []


! LaTeX Error: Environment tcolorbox undefined.

See the LaTeX manual or LaTeX Companion for explanation.
Type  H <return>  for immediate help.
 ...                                              
                                                  
l.24 \begin{tcolorbox}
                      
Your command was ignored.
Type  I <command> <return>  to replace it with another command,
or  <return>  to continue without it.


! LaTeX Error: Missing \begin{document}.

See the LaTeX manual or LaTeX Companion for explanation.
Type  H <return>  for immediate help.
 ...                                              
                                                  
l.25 ...ccessive keywords are separated by comas.}
                                                  
You're in trouble here.  Try typing  <return>  to proceed.
If that doesn't work, type  X <return>  to quit.


! LaTeX Error: \begin{document} ended by \end{tcolorbox}.

See the LaTeX manual or LaTeX Companion for explanation.
Type  H <return>  for immediate help.
 ...                                              
                                                  
l.26 \end{tcolorbox}
                    
Your command was ignored.
Type  I <command> <return>  to replace it with another command,
or  <return>  to continue without it.


Overfull \hbox (36.51091pt too wide) in paragraph at lines 25--27
[]\OT1/cmr/bx/it/10 TO
 []


Overfull \hbox (20.30536pt too wide) in paragraph at lines 25--27
\OT1/cmr/bx/it/10 RE-
 []


Overfull \hbox (35.20515pt too wide) in paragraph at lines 25--27
\OT1/cmr/bx/it/10 MOVE
 []


Overfull \hbox (41.93846pt too wide) in paragraph at lines 25--27
\OT1/cmr/bx/it/10 LATER\OT1/cmr/m/it/10 :
 []


Overfull \hbox (19.4221pt too wide) in paragraph at lines 25--27
\OT1/cmr/m/it/10 This
 []


Overfull \hbox (16.35541pt too wide) in paragraph at lines 25--27
\OT1/cmr/m/it/10 sec-
 []


Overfull \hbox (17.12212pt too wide) in paragraph at lines 25--27
\OT1/cmr/m/it/10 tion
 []


Overfull \hbox (7.15552pt too wide) in paragraph at lines 25--27
\OT1/cmr/m/it/10 is
 []


Overfull \hbox (10.73328pt too wide) in paragraph at lines 25--27
\OT1/cmr/m/it/10 an
 []


Overfull \hbox (11.24437pt too wide) in paragraph at lines 25--27
\OT1/cmr/m/it/10 al-
 []


Overfull \hbox (18.911pt too wide) in paragraph at lines 25--27
\OT1/cmr/m/it/10 pha-
 []


Overfull \hbox (15.58873pt too wide) in paragraph at lines 25--27
\OT1/cmr/m/it/10 bet-
 []


Overfull \hbox (6.6444pt too wide) in paragraph at lines 25--27
\OT1/cmr/m/it/10 i-
 []


Overfull \hbox (19.67763pt too wide) in paragraph at lines 25--27
\OT1/cmr/m/it/10 cally
 []


Overfull \hbox (12.90546pt too wide) in paragraph at lines 25--27
\OT1/cmr/m/it/10 or-
 []


Overfull \hbox (22.61647pt too wide) in paragraph at lines 25--27
\OT1/cmr/m/it/10 dered
 []


Overfull \hbox (13.03325pt too wide) in paragraph at lines 25--27
\OT1/cmr/m/it/10 list
 []


Overfull \hbox (8.17773pt too wide) in paragraph at lines 25--27
\OT1/cmr/m/it/10 of
 []


Overfull \hbox (13.03323pt too wide) in paragraph at lines 25--27
\OT1/cmr/m/it/10 the
 []


Overfull \hbox (21.59428pt too wide) in paragraph at lines 25--27
\OT1/cmr/m/it/10 more
 []


Overfull \hbox (13.79991pt too wide) in paragraph at lines 25--27
\OT1/cmr/m/it/10 ap-
 []


Overfull \hbox (17.50542pt too wide) in paragraph at lines 25--27
\OT1/cmr/m/it/10 pro-
 []


Overfull \hbox (15.9721pt too wide) in paragraph at lines 25--27
\OT1/cmr/m/it/10 pri-
 []


Overfull \hbox (13.03323pt too wide) in paragraph at lines 25--27
\OT1/cmr/m/it/10 ate
 []


Overfull \hbox (24.66095pt too wide) in paragraph at lines 25--27
\OT1/cmr/m/it/10 words
 []


Overfull \hbox (9.32771pt too wide) in paragraph at lines 25--27
\OT1/cmr/m/it/10 or
 []


Overfull \hbox (12.81657pt too wide) in paragraph at lines 25--27
\OT1/cmr/m/it/10 ex-
 []


Overfull \hbox (21.08316pt too wide) in paragraph at lines 25--27
\OT1/cmr/m/it/10 pres-
 []


Overfull \hbox (21.97766pt too wide) in paragraph at lines 25--27
\OT1/cmr/m/it/10 sions
 []


Overfull \hbox (14.56659pt too wide) in paragraph at lines 25--27
\OT1/cmr/m/it/10 (up
 []


Overfull \hbox (8.43327pt too wide) in paragraph at lines 25--27
\OT1/cmr/m/it/10 to
 []


Overfull \hbox (30.41089pt too wide) in paragraph at lines 25--27
\OT1/cmr/m/it/10 twelve)
 []


Overfull \hbox (16.86655pt too wide) in paragraph at lines 25--27
\OT1/cmr/m/it/10 that
 []


Overfull \hbox (15.33324pt too wide) in paragraph at lines 25--27
\OT1/cmr/m/it/10 you
 []


Overfull \hbox (24.78876pt too wide) in paragraph at lines 25--27
\OT1/cmr/m/it/10 would
 []


Overfull \hbox (12.26659pt too wide) in paragraph at lines 25--27
\OT1/cmr/m/it/10 in-
 []


Overfull \hbox (15.71652pt too wide) in paragraph at lines 25--27
\OT1/cmr/m/it/10 tro-
 []


Overfull \hbox (19.16652pt too wide) in paragraph at lines 25--27
\OT1/cmr/m/it/10 duce
 []


Overfull \hbox (8.68884pt too wide) in paragraph at lines 25--27
\OT1/cmr/m/it/10 in
 []


Overfull \hbox (5.11108pt too wide) in paragraph at lines 25--27
\OT1/cmr/m/it/10 a
 []


Overfull \hbox (26.70534pt too wide) in paragraph at lines 25--27
\OT1/cmr/m/it/10 search
 []


Overfull \hbox (13.7999pt too wide) in paragraph at lines 25--27
\OT1/cmr/m/it/10 en-
 []


Overfull \hbox (17.88876pt too wide) in paragraph at lines 25--27
\OT1/cmr/m/it/10 gine
 []


Overfull \hbox (8.43327pt too wide) in paragraph at lines 25--27
\OT1/cmr/m/it/10 to
 []


Overfull \hbox (16.35547pt too wide) in paragraph at lines 25--27
\OT1/cmr/m/it/10 find
 []


Overfull \hbox (5.11108pt too wide) in paragraph at lines 25--27
\OT1/cmr/m/it/10 a
 []


Overfull \hbox (11.88321pt too wide) in paragraph at lines 25--27
\OT1/cmr/m/it/10 re-
 []


Overfull \hbox (26.70534pt too wide) in paragraph at lines 25--27
\OT1/cmr/m/it/10 search
 []


Overfull \hbox (17.50542pt too wide) in paragraph at lines 25--27
\OT1/cmr/m/it/10 pro-
 []


Overfull \hbox (21.46654pt too wide) in paragraph at lines 25--27
\OT1/cmr/m/it/10 posal
 []


Overfull \hbox (21.97763pt too wide) in paragraph at lines 25--27
\OT1/cmr/m/it/10 iden-
 []


Overfull \hbox (9.96658pt too wide) in paragraph at lines 25--27
\OT1/cmr/m/it/10 ti-
 []


Overfull \hbox (11.75546pt too wide) in paragraph at lines 25--27
\OT1/cmr/m/it/10 cal
 []


Overfull \hbox (8.43327pt too wide) in paragraph at lines 25--27
\OT1/cmr/m/it/10 to
 []


Overfull \hbox (26.70538pt too wide) in paragraph at lines 25--27
\OT1/cmr/m/it/10 yours.
 []


Overfull \hbox (16.86655pt too wide) in paragraph at lines 25--27
\OT1/cmr/m/it/10 The
 []


Overfull \hbox (17.63321pt too wide) in paragraph at lines 25--27
\OT1/cmr/m/it/10 suc-
 []


Overfull \hbox (16.35541pt too wide) in paragraph at lines 25--27
\OT1/cmr/m/it/10 ces-
 []


Overfull \hbox (16.35544pt too wide) in paragraph at lines 25--27
\OT1/cmr/m/it/10 sive
 []


Overfull \hbox (17.63318pt too wide) in paragraph at lines 25--27
\OT1/cmr/m/it/10 key-
 []


Overfull \hbox (24.66095pt too wide) in paragraph at lines 25--27
\OT1/cmr/m/it/10 words
 []


Overfull \hbox (13.41655pt too wide) in paragraph at lines 25--27
\OT1/cmr/m/it/10 are
 []


Overfull \hbox (17.37766pt too wide) in paragraph at lines 25--27
\OT1/cmr/m/it/10 sep-
 []


Overfull \hbox (8.68883pt too wide) in paragraph at lines 25--27
\OT1/cmr/m/it/10 a-
 []


Overfull \hbox (21.3387pt too wide) in paragraph at lines 25--27
\OT1/cmr/m/it/10 rated
 []


Overfull \hbox (9.45547pt too wide) in paragraph at lines 25--27
\OT1/cmr/m/it/10 by
 []


Overfull \hbox (12.77766pt too wide) in paragraph at lines 25--27
\OT1/cmr/m/it/10 co-
 []


Overfull \hbox (20.44434pt too wide) in paragraph at lines 25--27
\OT1/cmr/m/it/10 mas.
 []

)
! Emergency stop.
<*> Abstract.tex
                
*** (job aborted, no legal \end found)

 
Here is how much of TeX's memory you used:
 16 strings out of 493029
 251 string characters out of 6136234
 59604 words of memory out of 5000000
 3647 multiletter control sequences out of 15000+600000
 4653 words of font info for 17 fonts, out of 8000000 for 9000
 1141 hyphenation exceptions out of 8191
 18i,4n,14p,645b,113s stack positions out of 5000i,500n,10000p,200000b,80000s
!  ==> Fatal error occurred, no output PDF file produced!
